[debug] [2022-10-31T20:13:56.826Z] ----------------------------------------------------------------------
[debug] [2022-10-31T20:13:56.828Z] Command:       C:\Program Files\nodejs\node.exe C:\Users\olingejj\AppData\Roaming\npm\node_modules\firebase-tools\lib\bin\firebase.js serve
[debug] [2022-10-31T20:13:56.829Z] CLI Version:   11.0.1
[debug] [2022-10-31T20:13:56.829Z] Platform:      win32
[debug] [2022-10-31T20:13:56.829Z] Node Version:  v18.2.0
[debug] [2022-10-31T20:13:56.830Z] Time:          Mon Oct 31 2022 16:13:56 GMT-0400 (Eastern Daylight Time)
[debug] [2022-10-31T20:13:56.831Z] ----------------------------------------------------------------------
[debug] 
[debug] [2022-10-31T20:13:56.910Z] > command requires scopes: ["email","openid","https://www.googleapis.com/auth/cloudplatformprojects.readonly","https://www.googleapis.com/auth/firebase","https://www.googleapis.com/auth/cloud-platform"]
[debug] [2022-10-31T20:13:56.910Z] > authorizing via signed-in user (jacobolinger77@gmail.com)
[debug] [2022-10-31T20:13:56.910Z] [iam] checking project final-name for permissions ["firebase.projects.get"]
[debug] [2022-10-31T20:13:56.913Z] >>> [apiv2][query] POST https://cloudresourcemanager.googleapis.com/v1/projects/final-name:testIamPermissions [none]
[debug] [2022-10-31T20:13:56.913Z] >>> [apiv2][body] POST https://cloudresourcemanager.googleapis.com/v1/projects/final-name:testIamPermissions {"permissions":["firebase.projects.get"]}
[debug] [2022-10-31T20:13:57.114Z] <<< [apiv2][status] POST https://cloudresourcemanager.googleapis.com/v1/projects/final-name:testIamPermissions 200
[debug] [2022-10-31T20:13:57.114Z] <<< [apiv2][body] POST https://cloudresourcemanager.googleapis.com/v1/projects/final-name:testIamPermissions {"permissions":["firebase.projects.get"]}
[debug] [2022-10-31T20:13:57.116Z] >>> [apiv2][query] GET https://firebase.googleapis.com/v1beta1/projects/final-name [none]
[debug] [2022-10-31T20:13:57.333Z] <<< [apiv2][status] GET https://firebase.googleapis.com/v1beta1/projects/final-name 200
[debug] [2022-10-31T20:13:57.334Z] <<< [apiv2][body] GET https://firebase.googleapis.com/v1beta1/projects/final-name {"projectId":"final-name","projectNumber":"643236978407","displayName":"final-name","name":"projects/final-name","resources":{"hostingSite":"final-name","storageBucket":"final-name.appspot.com","locationId":"us-central"},"state":"ACTIVE","etag":"1_12ef3c8e-7cbe-400e-a7d7-81d327a6e4ed"}
[info] 
[info] === Serving from 'C:\Users\olingejj\spring-2122-personal-repo-rhit-olingejj\Templates\front-end'...
[info] 
[debug] [2022-10-31T20:13:57.341Z] >>> [apiv2][query] GET https://firebasehosting.googleapis.com/v1beta1/projects/final-name/sites 
[debug] [2022-10-31T20:13:57.739Z] <<< [apiv2][status] GET https://firebasehosting.googleapis.com/v1beta1/projects/final-name/sites 200
[debug] [2022-10-31T20:13:57.739Z] <<< [apiv2][body] GET https://firebasehosting.googleapis.com/v1beta1/projects/final-name/sites {"sites":[{"name":"projects/final-name/sites/final-name","defaultUrl":"https://final-name.web.app","type":"DEFAULT_SITE"}]}
[debug] [2022-10-31T20:13:57.740Z] >>> [apiv2][query] GET https://firebase.googleapis.com/v1beta1/projects/final-name/webApps/-/config [none]
[debug] [2022-10-31T20:13:58.150Z] <<< [apiv2][status] GET https://firebase.googleapis.com/v1beta1/projects/final-name/webApps/-/config 200
[debug] [2022-10-31T20:13:58.150Z] <<< [apiv2][body] GET https://firebase.googleapis.com/v1beta1/projects/final-name/webApps/-/config {"projectId":"final-name","storageBucket":"final-name.appspot.com","locationId":"us-central","apiKey":"AIzaSyDSNkyO8Jq_alTnZuB_HCzE5NkHPo2wUJE","authDomain":"final-name.firebaseapp.com","messagingSenderId":"643236978407"}
[info] i  hosting: Serving hosting files from: public {"metadata":{"emulator":{"name":"hosting"},"message":"Serving hosting files from: \u001b[1mpublic\u001b[22m"}}
[info] +  hosting: Local server: http://localhost:5000 {"metadata":{"emulator":{"name":"hosting"},"message":"Local server: \u001b[4m\u001b[1mhttp://localhost:5000\u001b[22m\u001b[24m"}}
[info] i  hosting: 127.0.0.1 - - [31/Oct/2022:20:17:07 +0000] "GET /__/firebase/init.js HTTP/1.1" 200 - "http://localhost:5000/Restraunt.html" "Mozilla/5.0 (Windows NT 10.0; Win64; x64) AppleWebKit/537.36 (KHTML, like Gecko) Chrome/106.0.0.0 Safari/537.36" {"metadata":{"emulator":{"name":"hosting"},"message":"127.0.0.1 - - [31/Oct/2022:20:17:07 +0000] \"GET /__/firebase/init.js HTTP/1.1\" 200 - \"http://localhost:5000/Restraunt.html\" \"Mozilla/5.0 (Windows NT 10.0; Win64; x64) AppleWebKit/537.36 (KHTML, like Gecko) Chrome/106.0.0.0 Safari/537.36\""}}
