[debug] [2022-11-02T20:33:01.164Z] ----------------------------------------------------------------------
[debug] [2022-11-02T20:33:01.166Z] Command:       C:\Program Files\nodejs\node.exe C:\Users\olingejj\AppData\Roaming\npm\node_modules\firebase-tools\lib\bin\firebase.js serve
[debug] [2022-11-02T20:33:01.167Z] CLI Version:   11.0.1
[debug] [2022-11-02T20:33:01.167Z] Platform:      win32
[debug] [2022-11-02T20:33:01.167Z] Node Version:  v18.2.0
[debug] [2022-11-02T20:33:01.168Z] Time:          Wed Nov 02 2022 16:33:01 GMT-0400 (Eastern Daylight Time)
[debug] [2022-11-02T20:33:01.169Z] ----------------------------------------------------------------------
[debug] 
[debug] [2022-11-02T20:33:01.251Z] > command requires scopes: ["email","openid","https://www.googleapis.com/auth/cloudplatformprojects.readonly","https://www.googleapis.com/auth/firebase","https://www.googleapis.com/auth/cloud-platform"]
[debug] [2022-11-02T20:33:01.252Z] > authorizing via signed-in user (jacobolinger77@gmail.com)
[debug] [2022-11-02T20:33:01.252Z] [iam] checking project final-name for permissions ["firebase.projects.get"]
[debug] [2022-11-02T20:33:01.255Z] >>> [apiv2][query] POST https://cloudresourcemanager.googleapis.com/v1/projects/final-name:testIamPermissions [none]
[debug] [2022-11-02T20:33:01.255Z] >>> [apiv2][body] POST https://cloudresourcemanager.googleapis.com/v1/projects/final-name:testIamPermissions {"permissions":["firebase.projects.get"]}
[debug] [2022-11-02T20:33:01.474Z] <<< [apiv2][status] POST https://cloudresourcemanager.googleapis.com/v1/projects/final-name:testIamPermissions 200
[debug] [2022-11-02T20:33:01.474Z] <<< [apiv2][body] POST https://cloudresourcemanager.googleapis.com/v1/projects/final-name:testIamPermissions {"permissions":["firebase.projects.get"]}
[debug] [2022-11-02T20:33:01.476Z] >>> [apiv2][query] GET https://firebase.googleapis.com/v1beta1/projects/final-name [none]
[debug] [2022-11-02T20:33:01.649Z] <<< [apiv2][status] GET https://firebase.googleapis.com/v1beta1/projects/final-name 200
[debug] [2022-11-02T20:33:01.650Z] <<< [apiv2][body] GET https://firebase.googleapis.com/v1beta1/projects/final-name {"projectId":"final-name","projectNumber":"643236978407","displayName":"final-name","name":"projects/final-name","resources":{"hostingSite":"final-name","storageBucket":"final-name.appspot.com","locationId":"us-central"},"state":"ACTIVE","etag":"1_12ef3c8e-7cbe-400e-a7d7-81d327a6e4ed"}
[info] 
[info] === Serving from 'C:\Users\olingejj\Downloads\DatabasesBoned'...
[info] 
[debug] [2022-11-02T20:33:01.655Z] >>> [apiv2][query] GET https://firebasehosting.googleapis.com/v1beta1/projects/final-name/sites 
[debug] [2022-11-02T20:33:02.070Z] <<< [apiv2][status] GET https://firebasehosting.googleapis.com/v1beta1/projects/final-name/sites 200
[debug] [2022-11-02T20:33:02.070Z] <<< [apiv2][body] GET https://firebasehosting.googleapis.com/v1beta1/projects/final-name/sites {"sites":[{"name":"projects/final-name/sites/final-name","defaultUrl":"https://final-name.web.app","type":"DEFAULT_SITE"}]}
[debug] [2022-11-02T20:33:02.070Z] >>> [apiv2][query] GET https://firebase.googleapis.com/v1beta1/projects/final-name/webApps/-/config [none]
